<?xml version="1.0" encoding="utf-8"?><testsuites name="pytest tests"><testsuite name="pytest" errors="0" failures="0" skipped="0" tests="47" time="116.813" timestamp="2026-05-28T12:38:24.987232+00:00" hostname="agent-env-b3f326f2-b466-4e26-a13d-cf7b1d0dbafc"><testcase classname="backend.tests.test_billing_papers.TestPlans" name="test_list_plans" time="0.125" /><testcase classname="backend.tests.test_billing_papers.TestAuthConfig" name="test_auth_config_microsoft_disabled" time="0.051" /><testcase classname="backend.tests.test_billing_papers.TestAuthConfig" name="test_microsoft_auth_503_when_unconfigured" time="0.048" /><testcase classname="backend.tests.test_billing_papers.TestBillingMe" name="test_billing_me_requires_auth" time="0.055" /><testcase classname="backend.tests.test_billing_papers.TestBillingMe" name="test_billing_me_new_user_free" time="0.327" /><testcase classname="backend.tests.test_billing_papers.TestCheckout" name="test_checkout_requires_auth" time="0.049" /><testcase classname="backend.tests.test_billing_papers.TestCheckout" name="test_checkout_invalid_plan_free" time="0.053" /><testcase classname="backend.tests.test_billing_papers.TestCheckout" name="test_checkout_invalid_plan_bogus" time="0.051" /><testcase classname="backend.tests.test_billing_papers.TestCheckout" name="test_checkout_basic_creates_session" time="0.525" /><testcase classname="backend.tests.test_billing_papers.TestCheckout" name="test_checkout_status_returns_transaction" time="0.251" /><testcase classname="backend.tests.test_billing_papers.TestAIPaperGating" name="test_free_user_paper_blocked" time="0.049" /><testcase classname="backend.tests.test_billing_papers.TestAIPaperGating" name="test_basic_user_exam_board_blocked" time="0.053" /><testcase classname="backend.tests.test_billing_papers.TestAIDailyLimit" name="test_free_user_daily_limit" time="0.327" /><testcase classname="backend.tests.test_billing_papers.TestAIStillWorks" name="test_summary_for_fresh_free_user" time="10.513" /><testcase classname="backend.tests.test_homework_help" name="test_help_requires_auth" time="0.125" /><testcase classname="backend.tests.test_homework_help" name="test_help_history_requires_auth" time="0.105" /><testcase classname="backend.tests.test_homework_help" name="test_first_turn_is_socratic_not_answer" time="5.222" /><testcase classname="backend.tests.test_homework_help" name="test_followup_turn_works" time="10.028" /><testcase classname="backend.tests.test_homework_help" name="test_followup_without_message_returns_400" time="4.093" /><testcase classname="backend.tests.test_homework_help" name="test_help_history_contains_starts_only" time="12.575" /><testcase classname="backend.tests.test_homework_help" name="test_daily_limit_returns_402" time="0.483" /><testcase classname="backend.tests.test_scholarhub_backend.TestHealth" name="test_root" time="0.110" /><testcase classname="backend.tests.test_scholarhub_backend.TestAuth" name="test_register_duplicate" time="0.329" /><testcase classname="backend.tests.test_scholarhub_backend.TestAuth" name="test_login_valid" time="0.270" /><testcase classname="backend.tests.test_scholarhub_backend.TestAuth" name="test_login_invalid" time="0.273" /><testcase classname="backend.tests.test_scholarhub_backend.TestAuth" name="test_me_authorized" time="0.056" /><testcase classname="backend.tests.test_scholarhub_backend.TestAuth" name="test_me_unauthorized" time="0.047" /><testcase classname="backend.tests.test_scholarhub_backend.TestAuth" name="test_profile_update" time="0.097" /><testcase classname="backend.tests.test_scholarhub_backend.TestAuthGate" name="test_requires_auth[GET-/stats-None]" time="0.047" /><testcase classname="backend.tests.test_scholarhub_backend.TestAuthGate" name="test_requires_auth[GET-/progress-None]" time="0.052" /><testcase classname="backend.tests.test_scholarhub_backend.TestAuthGate" name="test_requires_auth[POST-/progress-body2]" time="0.127" /><testcase classname="backend.tests.test_scholarhub_backend.TestAuthGate" name="test_requires_auth[GET-/focus/active-None]" time="0.055" /><testcase classname="backend.tests.test_scholarhub_backend.TestAuthGate" name="test_requires_auth[GET-/focus/history-None]" time="0.050" /><testcase classname="backend.tests.test_scholarhub_backend.TestAuthGate" name="test_requires_auth[POST-/focus/start-body5]" time="0.051" /><testcase classname="backend.tests.test_scholarhub_backend.TestAuthGate" name="test_requires_auth[POST-/ai/generate-body6]" time="0.049" /><testcase classname="backend.tests.test_scholarhub_backend.TestAuthGate" name="test_requires_auth[POST-/ai/chat-body7]" time="0.058" /><testcase classname="backend.tests.test_scholarhub_backend.TestAuthGate" name="test_requires_auth[PATCH-/auth/profile-body8]" time="0.048" /><testcase classname="backend.tests.test_scholarhub_backend.TestFocus" name="test_focus_lifecycle" time="0.256" /><testcase classname="backend.tests.test_scholarhub_backend.TestFocus" name="test_focus_end_not_found" time="0.050" /><testcase classname="backend.tests.test_scholarhub_backend.TestProgressStats" name="test_progress_upsert_and_list" time="0.198" /><testcase classname="backend.tests.test_scholarhub_backend.TestProgressStats" name="test_stats" time="0.054" /><testcase classname="backend.tests.test_scholarhub_backend.TestAI" name="test_ai_generate[summary-required_keys0]" time="11.140" /><testcase classname="backend.tests.test_scholarhub_backend.TestAI" name="test_ai_generate[quiz-required_keys1]" time="12.687" /><testcase classname="backend.tests.test_scholarhub_backend.TestAI" name="test_ai_generate[flashcards-required_keys2]" time="9.339" /><testcase classname="backend.tests.test_scholarhub_backend.TestAI" name="test_ai_generate[explanation-required_keys3]" time="33.985" /><testcase classname="backend.tests.test_scholarhub_backend.TestAI" name="test_ai_chat" time="2.050" /><testcase classname="backend.tests.test_scholarhub_backend.TestLogout" name="test_logout" time="0.051" /></testsuite></testsuites>