<?xml version="1.0" encoding="utf-8"?><testsuites name="pytest tests"><testsuite name="pytest" errors="0" failures="0" skipped="0" tests="18" time="78.862" timestamp="2026-06-18T15:21:34.015128+00:00" hostname="agent-env-b3f326f2-b466-4e26-a13d-cf7b1d0dbafc"><testcase classname="backend.tests.test_learnify_iter5.TestUsernameLogin" name="test_owner_username_login_ok" time="0.406" /><testcase classname="backend.tests.test_learnify_iter5.TestUsernameLogin" name="test_owner_email_login_ok" time="0.350" /><testcase classname="backend.tests.test_learnify_iter5.TestUsernameLogin" name="test_bad_password_401" time="0.358" /><testcase classname="backend.tests.test_learnify_iter5.TestUsernameLogin" name="test_missing_fields_400" time="0.119" /><testcase classname="backend.tests.test_learnify_iter5.TestOwnerEndpoints" name="test_owner_stats_unauthed_401" time="0.118" /><testcase classname="backend.tests.test_learnify_iter5.TestOwnerEndpoints" name="test_owner_stats_non_owner_403" time="0.490" /><testcase classname="backend.tests.test_learnify_iter5.TestOwnerEndpoints" name="test_owner_stats_ok" time="0.446" /><testcase classname="backend.tests.test_learnify_iter5.TestOwnerEndpoints" name="test_owner_schools_ok" time="0.113" /><testcase classname="backend.tests.test_learnify_iter5.TestPlans" name="test_plans_count_and_school_tiers" time="0.116" /><testcase classname="backend.tests.test_learnify_iter5.TestSchoolSignup" name="test_signup_domain_mismatch_400" time="0.102" /><testcase classname="backend.tests.test_learnify_iter5.TestSchoolSignup" name="test_signup_success_and_duplicate" time="0.434" /><testcase classname="backend.tests.test_learnify_iter5.TestTeacher" name="test_create_lesson_ai" time="41.686" /><testcase classname="backend.tests.test_learnify_iter5.TestTeacher" name="test_list_lessons" time="0.254" /><testcase classname="backend.tests.test_learnify_iter5.TestTeacher" name="test_create_homework" time="0.220" /><testcase classname="backend.tests.test_learnify_iter5.TestDetentions" name="test_set_and_list_detention" time="0.579" /><testcase classname="backend.tests.test_learnify_iter5.TestDreams" name="test_dream_returns_structured_plan" time="32.055" /><testcase classname="backend.tests.test_learnify_iter5.TestSuggestions" name="test_create_and_owner_lists" time="0.617" /><testcase classname="backend.tests.test_learnify_iter5.TestIndividualRegister" name="test_register_creates_individual" time="0.327" /></testsuite></testsuites>