<?xml version="1.0" encoding="utf-8"?><testsuites name="pytest tests"><testsuite name="pytest" errors="0" failures="1" skipped="0" tests="7" time="29.886" timestamp="2026-05-28T12:37:18.920397+00:00" hostname="agent-env-b3f326f2-b466-4e26-a13d-cf7b1d0dbafc"><testcase classname="backend.tests.test_homework_help" name="test_help_requires_auth" time="0.293" /><testcase classname="backend.tests.test_homework_help" name="test_help_history_requires_auth" time="0.149" /><testcase classname="backend.tests.test_homework_help" name="test_first_turn_is_socratic_not_answer" time="4.751" /><testcase classname="backend.tests.test_homework_help" name="test_followup_turn_works" time="9.846" /><testcase classname="backend.tests.test_homework_help" name="test_followup_without_message_returns_400" time="4.883" /><testcase classname="backend.tests.test_homework_help" name="test_help_history_contains_starts_only" time="9.280"><failure message="assert 402 == 200&#10; +  where 402 = &lt;Response [402]&gt;.status_code">backend/tests/test_homework_help.py:138: in test_help_history_contains_starts_only
    assert follow.status_code == 200
E   assert 402 == 200
E    +  where 402 = &lt;Response [402]&gt;.status_code</failure></testcase><testcase classname="backend.tests.test_homework_help" name="test_daily_limit_returns_402" time="0.476" /></testsuite></testsuites>