<?xml version="1.0" encoding="utf-8"?><testsuites name="pytest tests"><testsuite name="pytest" errors="0" failures="0" skipped="0" tests="14" time="63.323" timestamp="2026-06-18T16:02:23.281197+00:00" hostname="agent-env-b3f326f2-b466-4e26-a13d-cf7b1d0dbafc"><testcase classname="backend.tests.test_iteration8_lifetime.TestHWA26Promo" name="test_signup_with_hwa26_returns_lifetime" time="0.531" /><testcase classname="backend.tests.test_iteration8_lifetime.TestHWA26Promo" name="test_admin_user_inherits_lifetime" time="0.030" /><testcase classname="backend.tests.test_iteration8_lifetime.TestHWA26Promo" name="test_billing_me_does_not_downgrade" time="0.057" /><testcase classname="backend.tests.test_iteration8_lifetime.TestHWA26Promo" name="test_lifetime_resists_simulated_future" time="0.001" /><testcase classname="backend.tests.test_iteration8_lifetime.TestHWA26Promo" name="test_bogus_promo_rejected" time="0.059" /><testcase classname="backend.tests.test_iteration8_lifetime.TestTeacherFlows" name="test_create_lesson_with_ai" time="43.465" /><testcase classname="backend.tests.test_iteration8_lifetime.TestTeacherFlows" name="test_create_homework" time="0.111" /><testcase classname="backend.tests.test_iteration8_lifetime.TestHomeworkSubmissionAndAnalysis" name="test_student_submits_homework" time="4.396" /><testcase classname="backend.tests.test_iteration8_lifetime.TestHomeworkSubmissionAndAnalysis" name="test_teacher_analyzes_homework" time="13.640" /><testcase classname="backend.tests.test_iteration8_lifetime.TestDetentionAttendanceAchievement" name="test_detention_create_and_student_sees_it" time="0.194" /><testcase classname="backend.tests.test_iteration8_lifetime.TestDetentionAttendanceAchievement" name="test_attendance_mark_and_student_sees_rate" time="0.111" /><testcase classname="backend.tests.test_iteration8_lifetime.TestDetentionAttendanceAchievement" name="test_achievement_award_and_student_sees_total" time="0.149" /><testcase classname="backend.tests.test_iteration8_lifetime.TestOwnerPayouts" name="test_owner_payouts_get_includes_promo_school" time="0.317" /><testcase classname="backend.tests.test_iteration8_lifetime.TestOwnerPayouts" name="test_owner_payouts_put_saves_bank" time="0.106" /></testsuite></testsuites>