<?xml version="1.0" encoding="utf-8"?><testsuites name="pytest tests"><testsuite name="pytest" errors="0" failures="0" skipped="0" tests="14" time="14.647" timestamp="2026-05-28T12:24:31.567785+00:00" hostname="agent-env-b3f326f2-b466-4e26-a13d-cf7b1d0dbafc"><testcase classname="backend.tests.test_billing_papers.TestPlans" name="test_list_plans" time="0.250" /><testcase classname="backend.tests.test_billing_papers.TestAuthConfig" name="test_auth_config_microsoft_disabled" time="0.046" /><testcase classname="backend.tests.test_billing_papers.TestAuthConfig" name="test_microsoft_auth_503_when_unconfigured" time="0.046" /><testcase classname="backend.tests.test_billing_papers.TestBillingMe" name="test_billing_me_requires_auth" time="0.045" /><testcase classname="backend.tests.test_billing_papers.TestBillingMe" name="test_billing_me_new_user_free" time="0.330" /><testcase classname="backend.tests.test_billing_papers.TestCheckout" name="test_checkout_requires_auth" time="0.046" /><testcase classname="backend.tests.test_billing_papers.TestCheckout" name="test_checkout_invalid_plan_free" time="0.048" /><testcase classname="backend.tests.test_billing_papers.TestCheckout" name="test_checkout_invalid_plan_bogus" time="0.046" /><testcase classname="backend.tests.test_billing_papers.TestCheckout" name="test_checkout_basic_creates_session" time="0.598" /><testcase classname="backend.tests.test_billing_papers.TestCheckout" name="test_checkout_status_returns_transaction" time="0.242" /><testcase classname="backend.tests.test_billing_papers.TestAIPaperGating" name="test_free_user_paper_blocked" time="0.048" /><testcase classname="backend.tests.test_billing_papers.TestAIPaperGating" name="test_basic_user_exam_board_blocked" time="0.127" /><testcase classname="backend.tests.test_billing_papers.TestAIDailyLimit" name="test_free_user_daily_limit" time="0.324" /><testcase classname="backend.tests.test_billing_papers.TestAIStillWorks" name="test_summary_for_fresh_free_user" time="12.351" /></testsuite></testsuites>