<?xml version="1.0" encoding="utf-8"?><testsuites name="pytest tests"><testsuite name="pytest" errors="0" failures="0" skipped="0" tests="26" time="104.377" timestamp="2026-05-28T12:06:21.611667+00:00" hostname="agent-env-b3f326f2-b466-4e26-a13d-cf7b1d0dbafc"><testcase classname="backend.tests.test_scholarhub_backend.TestHealth" name="test_root" time="35.919" /><testcase classname="backend.tests.test_scholarhub_backend.TestAuth" name="test_register_duplicate" time="0.330" /><testcase classname="backend.tests.test_scholarhub_backend.TestAuth" name="test_login_valid" time="0.271" /><testcase classname="backend.tests.test_scholarhub_backend.TestAuth" name="test_login_invalid" time="0.270" /><testcase classname="backend.tests.test_scholarhub_backend.TestAuth" name="test_me_authorized" time="0.049" /><testcase classname="backend.tests.test_scholarhub_backend.TestAuth" name="test_me_unauthorized" time="0.050" /><testcase classname="backend.tests.test_scholarhub_backend.TestAuth" name="test_profile_update" time="0.103" /><testcase classname="backend.tests.test_scholarhub_backend.TestAuthGate" name="test_requires_auth[GET-/stats-None]" time="0.052" /><testcase classname="backend.tests.test_scholarhub_backend.TestAuthGate" name="test_requires_auth[GET-/progress-None]" time="0.052" /><testcase classname="backend.tests.test_scholarhub_backend.TestAuthGate" name="test_requires_auth[POST-/progress-body2]" time="0.050" /><testcase classname="backend.tests.test_scholarhub_backend.TestAuthGate" name="test_requires_auth[GET-/focus/active-None]" time="0.047" /><testcase classname="backend.tests.test_scholarhub_backend.TestAuthGate" name="test_requires_auth[GET-/focus/history-None]" time="0.045" /><testcase classname="backend.tests.test_scholarhub_backend.TestAuthGate" name="test_requires_auth[POST-/focus/start-body5]" time="0.048" /><testcase classname="backend.tests.test_scholarhub_backend.TestAuthGate" name="test_requires_auth[POST-/ai/generate-body6]" time="0.049" /><testcase classname="backend.tests.test_scholarhub_backend.TestAuthGate" name="test_requires_auth[POST-/ai/chat-body7]" time="0.062" /><testcase classname="backend.tests.test_scholarhub_backend.TestAuthGate" name="test_requires_auth[PATCH-/auth/profile-body8]" time="0.047" /><testcase classname="backend.tests.test_scholarhub_backend.TestFocus" name="test_focus_lifecycle" time="0.260" /><testcase classname="backend.tests.test_scholarhub_backend.TestFocus" name="test_focus_end_not_found" time="0.055" /><testcase classname="backend.tests.test_scholarhub_backend.TestProgressStats" name="test_progress_upsert_and_list" time="0.230" /><testcase classname="backend.tests.test_scholarhub_backend.TestProgressStats" name="test_stats" time="0.063" /><testcase classname="backend.tests.test_scholarhub_backend.TestAI" name="test_ai_generate[summary-required_keys0]" time="10.905" /><testcase classname="backend.tests.test_scholarhub_backend.TestAI" name="test_ai_generate[quiz-required_keys1]" time="13.935" /><testcase classname="backend.tests.test_scholarhub_backend.TestAI" name="test_ai_generate[flashcards-required_keys2]" time="11.860" /><testcase classname="backend.tests.test_scholarhub_backend.TestAI" name="test_ai_generate[explanation-required_keys3]" time="24.237" /><testcase classname="backend.tests.test_scholarhub_backend.TestAI" name="test_ai_chat" time="5.192" /><testcase classname="backend.tests.test_scholarhub_backend.TestLogout" name="test_logout" time="0.054" /></testsuite></testsuites>